[2019-05-28 17:39:52.428] [alevinLog] [info] Processing barcodes files (if Present) 

 
[2019-05-28 17:41:51.349] [alevinLog] [info] Done barcode density calculation.
[2019-05-28 17:41:51.349] [alevinLog] [info] # Barcodes Used: [32m193599233[0m / [31m194333855[0m.
[2019-05-28 17:41:54.857] [alevinLog] [info] Knee found left boundary at [32m 1468 [0m
[2019-05-28 17:41:55.003] [alevinLog] [info] Gauss Corrected Boundary at [32m 170 [0m
[2019-05-28 17:41:55.003] [alevinLog] [info] Learned InvCov: 197.061 normfactor: 141.6
[2019-05-28 17:41:55.009] [alevinLog] [info] Total 19.9059% reads will be thrown away because of noisy Cellular barcodes.
[2019-05-28 17:41:55.009] [alevinLog] [info] Total [32m370[0m(has [32m200[0m low confidence) barcodes
[2019-05-28 17:41:55.059] [alevinLog] [info] Done True Barcode Sampling
[2019-05-28 17:41:55.138] [alevinLog] [info] Done populating Z matrix
[2019-05-28 17:41:55.143] [alevinLog] [info] Done indexing Barcodes
[2019-05-28 17:41:55.143] [alevinLog] [info] Total Unique barcodes found: 3474567
[2019-05-28 17:41:55.143] [alevinLog] [info] Used Barcodes except Whitelist: 21710
[2019-05-28 17:41:55.172] [alevinLog] [info] Done with Barcode Processing; Moving to Quantify

[2019-05-28 17:41:55.172] [alevinLog] [info] parsing read library format
[2019-05-28 18:18:37.362] [alevinLog] [info] Starting optimizer


[2019-05-28 18:19:10.564] [alevinLog] [info] Total 2145996.00 UMI after deduplicating.
[2019-05-28 18:19:10.564] [alevinLog] [info] Total 3525895 BiDirected Edges.
[2019-05-28 18:19:10.564] [alevinLog] [info] Total 1526508 UniDirected Edges.
[2019-05-28 18:19:10.567] [alevinLog] [info] Clearing EqMap; Might take some time.
[2019-05-28 18:19:10.807] [alevinLog] [info] Starting Import of the gene count matrix of size 370x20245.
[2019-05-28 18:19:10.836] [alevinLog] [info] Done initializing the empty matrix.
[2019-05-28 18:19:11.672] [alevinLog] [info] Done Importing gene count matrix for dimension 370x20245
[2019-05-28 18:19:12.374] [alevinLog] [info] Starting white listing
[2019-05-28 18:19:12.375] [alevinLog] [info] Done importing order of barcodes "quants_mat_rows.txt" file.
[2019-05-28 18:19:12.375] [alevinLog] [info] Total 370 barcodes found
[2019-05-28 18:19:12.389] [alevinLog] [warning] 24 mitorna gene(s) does not have transcript in the reference
[2019-05-28 18:19:12.389] [alevinLog] [info] Total 13 usable mRna genes
[2019-05-28 18:19:12.389] [alevinLog] [info] Total 16 usable rRna genes
[2019-05-28 18:19:12.389] [alevinLog] [info] Starting to make feature Matrix
[2019-05-28 18:19:12.434] [alevinLog] [info] Done making regular featues
[2019-05-28 18:19:12.434] [alevinLog] [info] Starting to Make correlation Matrix (Heavy!)
[2019-05-28 18:19:12.853] [alevinLog] [info] Done making feature Matrix
[2019-05-28 18:19:12.853] [alevinLog] [info] Finished white listing
[2019-05-28 18:19:12.860] [alevinLog] [info] Finished optimizer
