[2019-05-30 17:20:45.909] [alevinLog] [info] Processing barcodes files (if Present) 

 
[2019-05-30 17:22:31.649] [alevinLog] [info] Done barcode density calculation.
[2019-05-30 17:22:31.649] [alevinLog] [info] # Barcodes Used: [32m193918680[0m / [31m194924038[0m.
[2019-05-30 17:22:34.960] [alevinLog] [info] Knee found left boundary at [32m 1621 [0m
[2019-05-30 17:22:35.468] [alevinLog] [info] Gauss Corrected Boundary at [32m 1030 [0m
[2019-05-30 17:22:35.468] [alevinLog] [info] Learned InvCov: 165.043 normfactor: 568.176
[2019-05-30 17:22:35.472] [alevinLog] [info] Total 18.0548% reads will be thrown away because of noisy Cellular barcodes.
[2019-05-30 17:22:35.472] [alevinLog] [info] Total [32m1545[0m(has [32m515[0m low confidence) barcodes
[2019-05-30 17:22:35.512] [alevinLog] [info] Done True Barcode Sampling
[2019-05-30 17:22:35.658] [alevinLog] [info] Done populating Z matrix
[2019-05-30 17:22:35.681] [alevinLog] [info] Done indexing Barcodes
[2019-05-30 17:22:35.681] [alevinLog] [info] Total Unique barcodes found: 2701649
[2019-05-30 17:22:35.681] [alevinLog] [info] Used Barcodes except Whitelist: 68879
[2019-05-30 17:22:35.734] [alevinLog] [info] Done with Barcode Processing; Moving to Quantify

[2019-05-30 17:22:35.736] [alevinLog] [info] parsing read library format
[2019-05-30 18:00:40.463] [alevinLog] [info] Starting optimizer


[2019-05-30 18:02:26.442] [alevinLog] [info] Total 7999549.00 UMI after deduplicating.
[2019-05-30 18:02:26.442] [alevinLog] [info] Total 10851537 BiDirected Edges.
[2019-05-30 18:02:26.442] [alevinLog] [info] Total 1690867 UniDirected Edges.
[2019-05-30 18:02:26.469] [alevinLog] [info] Clearing EqMap; Might take some time.
[2019-05-30 18:02:27.889] [alevinLog] [info] Starting Import of the gene count matrix of size 1545x20245.
[2019-05-30 18:02:27.980] [alevinLog] [info] Done initializing the empty matrix.
[2019-05-30 18:02:29.217] [alevinLog] [info] Done Importing gene count matrix for dimension 1545x20245
[2019-05-30 18:02:29.918] [alevinLog] [info] Starting white listing
[2019-05-30 18:02:29.920] [alevinLog] [info] Done importing order of barcodes "quants_mat_rows.txt" file.
[2019-05-30 18:02:29.920] [alevinLog] [info] Total 1545 barcodes found
[2019-05-30 18:02:29.942] [alevinLog] [warning] 24 mitorna gene(s) does not have transcript in the reference
[2019-05-30 18:02:29.942] [alevinLog] [info] Total 13 usable mRna genes
[2019-05-30 18:02:29.948] [alevinLog] [info] Total 16 usable rRna genes
[2019-05-30 18:02:29.948] [alevinLog] [info] Starting to make feature Matrix
[2019-05-30 18:02:30.138] [alevinLog] [info] Done making regular featues
[2019-05-30 18:02:30.138] [alevinLog] [info] Starting to Make correlation Matrix (Heavy!)
[2019-05-30 18:02:41.337] [alevinLog] [info] Done making feature Matrix
[2019-05-30 18:02:41.341] [alevinLog] [info] Finished white listing
[2019-05-30 18:02:41.373] [alevinLog] [info] Finished optimizer
